build/app/intermediates/manifest_merge_blame_file/release/manifest-merger-blame-release-report.txt
1<?xml version="1.0" encoding="utf-8"?>
2<manifest xmlns:android="http://schemas.android.com/apk/res/android"
3    package="com.flapp.meme"
4    android:versionCode="12"
5    android:versionName="1.0.12" >
6
7    <uses-sdk
8        android:minSdkVersion="23"
8-->src/main/AndroidManifest.xml
9        android:targetSdkVersion="34" />
9-->src/main/AndroidManifest.xml
10
11    <uses-permission android:name="android.permission.INTERNET" />
11-->src/main/AndroidManifest.xml:4:5-66
11-->src/main/AndroidManifest.xml:4:22-64
12    <uses-permission android:name="android.permission.CAMERA" />
12-->src/main/AndroidManifest.xml:5:5-64
12-->src/main/AndroidManifest.xml:5:22-62
13    <uses-permission android:name="android.permission.RECORD_AUDIO" />
13-->src/main/AndroidManifest.xml:6:5-71
13-->src/main/AndroidManifest.xml:6:22-68
14    <uses-permission
14-->src/main/AndroidManifest.xml:8:5-106
15        android:name="android.permission.READ_EXTERNAL_STORAGE"
15-->src/main/AndroidManifest.xml:8:22-77
16        android:maxSdkVersion="32" />
16-->src/main/AndroidManifest.xml:8:78-104
17    <uses-permission
17-->src/main/AndroidManifest.xml:9:5-107
18        android:name="android.permission.WRITE_EXTERNAL_STORAGE"
18-->src/main/AndroidManifest.xml:9:22-78
19        android:maxSdkVersion="32" />
19-->src/main/AndroidManifest.xml:9:79-105
20
21    <queries>
21-->[:file_picker] AndroidManifest.xml:13:5-19:15
22        <intent>
22-->[:file_picker] AndroidManifest.xml:14:9-18:18
23            <action android:name="android.intent.action.GET_CONTENT" />
23-->[:file_picker] AndroidManifest.xml:15:13-72
23-->[:file_picker] AndroidManifest.xml:15:21-69
24
25            <data android:mimeType="*/*" />
25-->src/main/AndroidManifest.xml:52:17-73
26        </intent>
27    </queries>
28
29    <uses-permission android:name="android.permission.ACCESS_NETWORK_STATE" />
29-->[com.google.firebase:firebase-auth:23.0.0] AndroidManifest.xml:26:5-79
29-->[com.google.firebase:firebase-auth:23.0.0] AndroidManifest.xml:26:22-76
30    <uses-permission android:name="com.google.android.providers.gsf.permission.READ_GSERVICES" />
30-->[com.google.android.recaptcha:recaptcha:18.4.0] AndroidManifest.xml:9:5-98
30-->[com.google.android.recaptcha:recaptcha:18.4.0] AndroidManifest.xml:9:22-95
31
32    <permission
32-->[androidx.core:core:1.13.1] AndroidManifest.xml:22:5-24:47
33        android:name="com.flapp.meme.DYNAMIC_RECEIVER_NOT_EXPORTED_PERMISSION"
33-->[androidx.core:core:1.13.1] AndroidManifest.xml:23:9-81
34        android:protectionLevel="signature" />
34-->[androidx.core:core:1.13.1] AndroidManifest.xml:24:9-44
35
36    <uses-permission android:name="com.flapp.meme.DYNAMIC_RECEIVER_NOT_EXPORTED_PERMISSION" />
36-->[androidx.core:core:1.13.1] AndroidManifest.xml:26:5-97
36-->[androidx.core:core:1.13.1] AndroidManifest.xml:26:22-94
37
38    <application
38-->src/main/AndroidManifest.xml:11:5-65:19
39        android:appComponentFactory="androidx.core.app.CoreComponentFactory"
39-->[androidx.core:core:1.13.1] AndroidManifest.xml:28:18-86
40        android:extractNativeLibs="false"
41        android:icon="@mipmap/ic_launcher"
41-->src/main/AndroidManifest.xml:14:9-43
42        android:label="Flapp"
42-->src/main/AndroidManifest.xml:12:9-30
43        android:requestLegacyExternalStorage="true" >
43-->src/main/AndroidManifest.xml:15:9-52
44        <activity
44-->src/main/AndroidManifest.xml:17:9-55:20
45            android:name="com.flapp.meme.MainActivity"
45-->src/main/AndroidManifest.xml:18:13-41
46            android:configChanges="orientation|keyboardHidden|keyboard|screenSize|smallestScreenSize|locale|layoutDirection|fontScale|screenLayout|density|uiMode"
46-->src/main/AndroidManifest.xml:22:13-163
47            android:exported="true"
47-->src/main/AndroidManifest.xml:19:13-36
48            android:hardwareAccelerated="true"
48-->src/main/AndroidManifest.xml:23:13-47
49            android:launchMode="singleTop"
49-->src/main/AndroidManifest.xml:20:13-43
50            android:theme="@style/LaunchTheme"
50-->src/main/AndroidManifest.xml:21:13-47
51            android:windowSoftInputMode="adjustResize" >
51-->src/main/AndroidManifest.xml:24:13-55
52
53            <!--
54                 Specifies an Android theme to apply to this Activity as soon as
55                 the Android process has started. This theme is visible to the user
56                 while the Flutter UI initializes. After that, this theme continues
57                 to determine the Window background behind the Flutter UI.
58            -->
59            <meta-data
59-->src/main/AndroidManifest.xml:29:13-32:17
60                android:name="io.flutter.embedding.android.NormalTheme"
60-->src/main/AndroidManifest.xml:30:15-70
61                android:resource="@style/NormalTheme" />
61-->src/main/AndroidManifest.xml:31:15-52
62            <!--
63                 Displays an Android View that continues showing the launch screen
64                 Drawable until Flutter paints its first frame, then this splash
65                 screen fades out. A splash screen is useful to avoid any visual
66                 gap between the end of Android's launch screen and the painting of
67                 Flutter's first frame.
68            -->
69            <meta-data
69-->src/main/AndroidManifest.xml:38:13-41:17
70                android:name="io.flutter.embedding.android.SplashScreenDrawable"
70-->src/main/AndroidManifest.xml:39:15-79
71                android:resource="@drawable/launch_background" />
71-->src/main/AndroidManifest.xml:40:15-61
72
73            <intent-filter>
73-->src/main/AndroidManifest.xml:42:13-45:29
74                <action android:name="android.intent.action.MAIN" />
74-->src/main/AndroidManifest.xml:43:17-68
74-->src/main/AndroidManifest.xml:43:25-66
75
76                <category android:name="android.intent.category.LAUNCHER" />
76-->src/main/AndroidManifest.xml:44:17-76
76-->src/main/AndroidManifest.xml:44:27-74
77            </intent-filter>
78            <!-- Deep linking -->
79            <meta-data
79-->src/main/AndroidManifest.xml:47:13-90
80                android:name="flutter_deeplinking_enabled"
80-->src/main/AndroidManifest.xml:47:24-66
81                android:value="true" />
81-->src/main/AndroidManifest.xml:47:67-87
82
83            <intent-filter android:autoVerify="true" >
83-->src/main/AndroidManifest.xml:48:13-53:29
83-->src/main/AndroidManifest.xml:48:28-53
84                <action android:name="android.intent.action.VIEW" />
84-->src/main/AndroidManifest.xml:49:17-69
84-->src/main/AndroidManifest.xml:49:25-66
85
86                <category android:name="android.intent.category.DEFAULT" />
86-->src/main/AndroidManifest.xml:50:17-76
86-->src/main/AndroidManifest.xml:50:27-73
87                <category android:name="android.intent.category.BROWSABLE" />
87-->src/main/AndroidManifest.xml:51:17-78
87-->src/main/AndroidManifest.xml:51:27-75
88
89                <data
89-->src/main/AndroidManifest.xml:52:17-73
90                    android:host="flapp.com"
90-->src/main/AndroidManifest.xml:52:46-70
91                    android:scheme="flapp" />
91-->src/main/AndroidManifest.xml:52:23-45
92            </intent-filter>
93        </activity>
94
95        <!--
96             Don't delete the meta-data below.
97             This is used by the Flutter tool to generate GeneratedPluginRegistrant.java
98        -->
99        <meta-data
99-->src/main/AndroidManifest.xml:59:9-61:33
100            android:name="flutterEmbedding"
100-->src/main/AndroidManifest.xml:60:13-44
101            android:value="2" />
101-->src/main/AndroidManifest.xml:61:13-30
102
103        <service
103-->[:cloud_firestore] AndroidManifest.xml:10:9-14:19
104            android:name="com.google.firebase.components.ComponentDiscoveryService"
104-->[:cloud_firestore] AndroidManifest.xml:10:18-89
105            android:directBootAware="true"
105-->[com.google.firebase:firebase-common:21.0.0] AndroidManifest.xml:32:13-43
106            android:exported="false" >
106-->[com.google.firebase:firebase-perf:21.0.1] AndroidManifest.xml:13:13-37
107            <meta-data
107-->[:cloud_firestore] AndroidManifest.xml:11:13-13:85
108                android:name="com.google.firebase.components:io.flutter.plugins.firebase.firestore.FlutterFirebaseFirestoreRegistrar"
108-->[:cloud_firestore] AndroidManifest.xml:12:17-134
109                android:value="com.google.firebase.components.ComponentRegistrar" />
109-->[:cloud_firestore] AndroidManifest.xml:13:17-82
110            <meta-data
110-->[:firebase_auth] AndroidManifest.xml:11:13-13:85
111                android:name="com.google.firebase.components:io.flutter.plugins.firebase.auth.FlutterFirebaseAuthRegistrar"
111-->[:firebase_auth] AndroidManifest.xml:12:17-124
112                android:value="com.google.firebase.components.ComponentRegistrar" />
112-->[:firebase_auth] AndroidManifest.xml:13:17-82
113            <meta-data
113-->[:firebase_performance] AndroidManifest.xml:13:13-15:85
114                android:name="com.google.firebase.components:io.flutter.plugins.firebase.performance.FlutterFirebaseAppRegistrar"
114-->[:firebase_performance] AndroidManifest.xml:14:17-130
115                android:value="com.google.firebase.components.ComponentRegistrar" />
115-->[:firebase_performance] AndroidManifest.xml:15:17-82
116            <meta-data
116-->[:firebase_storage] AndroidManifest.xml:11:13-13:85
117                android:name="com.google.firebase.components:io.flutter.plugins.firebase.storage.FlutterFirebaseAppRegistrar"
117-->[:firebase_storage] AndroidManifest.xml:12:17-126
118                android:value="com.google.firebase.components.ComponentRegistrar" />
118-->[:firebase_storage] AndroidManifest.xml:13:17-82
119            <meta-data
119-->[:firebase_core] AndroidManifest.xml:11:13-13:85
120                android:name="com.google.firebase.components:io.flutter.plugins.firebase.core.FlutterFirebaseCoreRegistrar"
120-->[:firebase_core] AndroidManifest.xml:12:17-124
121                android:value="com.google.firebase.components.ComponentRegistrar" />
121-->[:firebase_core] AndroidManifest.xml:13:17-82
122            <meta-data
122-->[com.google.firebase:firebase-perf:21.0.1] AndroidManifest.xml:14:13-16:85
123                android:name="com.google.firebase.components:com.google.firebase.perf.FirebasePerfKtxRegistrar"
123-->[com.google.firebase:firebase-perf:21.0.1] AndroidManifest.xml:15:17-112
124                android:value="com.google.firebase.components.ComponentRegistrar" />
124-->[com.google.firebase:firebase-perf:21.0.1] AndroidManifest.xml:16:17-82
125            <meta-data
125-->[com.google.firebase:firebase-perf:21.0.1] AndroidManifest.xml:17:13-19:85
126                android:name="com.google.firebase.components:com.google.firebase.perf.FirebasePerfRegistrar"
126-->[com.google.firebase:firebase-perf:21.0.1] AndroidManifest.xml:18:17-109
127                android:value="com.google.firebase.components.ComponentRegistrar" />
127-->[com.google.firebase:firebase-perf:21.0.1] AndroidManifest.xml:19:17-82
128            <meta-data
128-->[com.google.firebase:firebase-sessions:2.0.0] AndroidManifest.xml:29:13-31:85
129                android:name="com.google.firebase.components:com.google.firebase.sessions.FirebaseSessionsRegistrar"
129-->[com.google.firebase:firebase-sessions:2.0.0] AndroidManifest.xml:30:17-117
130                android:value="com.google.firebase.components.ComponentRegistrar" />
130-->[com.google.firebase:firebase-sessions:2.0.0] AndroidManifest.xml:31:17-82
131            <meta-data
131-->[com.google.firebase:firebase-auth:23.0.0] AndroidManifest.xml:69:13-71:85
132                android:name="com.google.firebase.components:com.google.firebase.auth.FirebaseAuthRegistrar"
132-->[com.google.firebase:firebase-auth:23.0.0] AndroidManifest.xml:70:17-109
133                android:value="com.google.firebase.components.ComponentRegistrar" />
133-->[com.google.firebase:firebase-auth:23.0.0] AndroidManifest.xml:71:17-82
134            <meta-data
134-->[com.google.firebase:firebase-firestore:25.1.0] AndroidManifest.xml:17:13-19:85
135                android:name="com.google.firebase.components:com.google.firebase.firestore.FirebaseFirestoreKtxRegistrar"
135-->[com.google.firebase:firebase-firestore:25.1.0] AndroidManifest.xml:18:17-122
136                android:value="com.google.firebase.components.ComponentRegistrar" />
136-->[com.google.firebase:firebase-firestore:25.1.0] AndroidManifest.xml:19:17-82
137            <meta-data
137-->[com.google.firebase:firebase-firestore:25.1.0] AndroidManifest.xml:20:13-22:85
138                android:name="com.google.firebase.components:com.google.firebase.firestore.FirestoreRegistrar"
138-->[com.google.firebase:firebase-firestore:25.1.0] AndroidManifest.xml:21:17-111
139                android:value="com.google.firebase.components.ComponentRegistrar" />
139-->[com.google.firebase:firebase-firestore:25.1.0] AndroidManifest.xml:22:17-82
140            <meta-data
140-->[com.google.firebase:firebase-storage:21.0.0] AndroidManifest.xml:30:13-32:85
141                android:name="com.google.firebase.components:com.google.firebase.storage.FirebaseStorageKtxRegistrar"
141-->[com.google.firebase:firebase-storage:21.0.0] AndroidManifest.xml:31:17-118
142                android:value="com.google.firebase.components.ComponentRegistrar" />
142-->[com.google.firebase:firebase-storage:21.0.0] AndroidManifest.xml:32:17-82
143            <meta-data
143-->[com.google.firebase:firebase-storage:21.0.0] AndroidManifest.xml:33:13-35:85
144                android:name="com.google.firebase.components:com.google.firebase.storage.StorageRegistrar"
144-->[com.google.firebase:firebase-storage:21.0.0] AndroidManifest.xml:34:17-107
145                android:value="com.google.firebase.components.ComponentRegistrar" />
145-->[com.google.firebase:firebase-storage:21.0.0] AndroidManifest.xml:35:17-82
146            <meta-data
146-->[com.google.firebase:firebase-config:22.0.0] AndroidManifest.xml:29:13-31:85
147                android:name="com.google.firebase.components:com.google.firebase.remoteconfig.FirebaseRemoteConfigKtxRegistrar"
147-->[com.google.firebase:firebase-config:22.0.0] AndroidManifest.xml:30:17-128
148                android:value="com.google.firebase.components.ComponentRegistrar" />
148-->[com.google.firebase:firebase-config:22.0.0] AndroidManifest.xml:31:17-82
149            <meta-data
149-->[com.google.firebase:firebase-config:22.0.0] AndroidManifest.xml:32:13-34:85
150                android:name="com.google.firebase.components:com.google.firebase.remoteconfig.RemoteConfigRegistrar"
150-->[com.google.firebase:firebase-config:22.0.0] AndroidManifest.xml:33:17-117
151                android:value="com.google.firebase.components.ComponentRegistrar" />
151-->[com.google.firebase:firebase-config:22.0.0] AndroidManifest.xml:34:17-82
152            <meta-data
152-->[com.google.firebase:firebase-installations:18.0.0] AndroidManifest.xml:15:13-17:85
153                android:name="com.google.firebase.components:com.google.firebase.installations.FirebaseInstallationsKtxRegistrar"
153-->[com.google.firebase:firebase-installations:18.0.0] AndroidManifest.xml:16:17-130
154                android:value="com.google.firebase.components.ComponentRegistrar" />
154-->[com.google.firebase:firebase-installations:18.0.0] AndroidManifest.xml:17:17-82
155            <meta-data
155-->[com.google.firebase:firebase-installations:18.0.0] AndroidManifest.xml:18:13-20:85
156                android:name="com.google.firebase.components:com.google.firebase.installations.FirebaseInstallationsRegistrar"
156-->[com.google.firebase:firebase-installations:18.0.0] AndroidManifest.xml:19:17-127
157                android:value="com.google.firebase.components.ComponentRegistrar" />
157-->[com.google.firebase:firebase-installations:18.0.0] AndroidManifest.xml:20:17-82
158            <meta-data
158-->[com.google.firebase:firebase-appcheck:18.0.0] AndroidManifest.xml:25:13-27:85
159                android:name="com.google.firebase.components:com.google.firebase.appcheck.FirebaseAppCheckKtxRegistrar"
159-->[com.google.firebase:firebase-appcheck:18.0.0] AndroidManifest.xml:26:17-120
160                android:value="com.google.firebase.components.ComponentRegistrar" />
160-->[com.google.firebase:firebase-appcheck:18.0.0] AndroidManifest.xml:27:17-82
161            <meta-data
161-->[com.google.firebase:firebase-appcheck:18.0.0] AndroidManifest.xml:28:13-30:85
162                android:name="com.google.firebase.components:com.google.firebase.appcheck.FirebaseAppCheckRegistrar"
162-->[com.google.firebase:firebase-appcheck:18.0.0] AndroidManifest.xml:29:17-117
163                android:value="com.google.firebase.components.ComponentRegistrar" />
163-->[com.google.firebase:firebase-appcheck:18.0.0] AndroidManifest.xml:30:17-82
164            <meta-data
164-->[com.google.firebase:firebase-common-ktx:21.0.0] AndroidManifest.xml:12:13-14:85
165                android:name="com.google.firebase.components:com.google.firebase.ktx.FirebaseCommonLegacyRegistrar"
165-->[com.google.firebase:firebase-common-ktx:21.0.0] AndroidManifest.xml:13:17-116
166                android:value="com.google.firebase.components.ComponentRegistrar" />
166-->[com.google.firebase:firebase-common-ktx:21.0.0] AndroidManifest.xml:14:17-82
167            <meta-data
167-->[com.google.firebase:firebase-common:21.0.0] AndroidManifest.xml:35:13-37:85
168                android:name="com.google.firebase.components:com.google.firebase.FirebaseCommonKtxRegistrar"
168-->[com.google.firebase:firebase-common:21.0.0] AndroidManifest.xml:36:17-109
169                android:value="com.google.firebase.components.ComponentRegistrar" />
169-->[com.google.firebase:firebase-common:21.0.0] AndroidManifest.xml:37:17-82
170            <meta-data
170-->[com.google.firebase:firebase-abt:21.1.1] AndroidManifest.xml:12:13-14:85
171                android:name="com.google.firebase.components:com.google.firebase.abt.component.AbtRegistrar"
171-->[com.google.firebase:firebase-abt:21.1.1] AndroidManifest.xml:13:17-109
172                android:value="com.google.firebase.components.ComponentRegistrar" />
172-->[com.google.firebase:firebase-abt:21.1.1] AndroidManifest.xml:14:17-82
173            <meta-data
173-->[com.google.firebase:firebase-datatransport:18.1.8] AndroidManifest.xml:27:13-29:85
174                android:name="com.google.firebase.components:com.google.firebase.datatransport.TransportRegistrar"
174-->[com.google.firebase:firebase-datatransport:18.1.8] AndroidManifest.xml:28:17-115
175                android:value="com.google.firebase.components.ComponentRegistrar" />
175-->[com.google.firebase:firebase-datatransport:18.1.8] AndroidManifest.xml:29:17-82
176        </service>
177
178        <provider
178-->[:image_picker_android] AndroidManifest.xml:11:9-19:20
179            android:name="io.flutter.plugins.imagepicker.ImagePickerFileProvider"
179-->[:image_picker_android] AndroidManifest.xml:12:13-82
180            android:authorities="com.flapp.meme.flutter.image_provider"
180-->[:image_picker_android] AndroidManifest.xml:13:13-74
181            android:exported="false"
181-->[:image_picker_android] AndroidManifest.xml:14:13-37
182            android:grantUriPermissions="true" >
182-->[:image_picker_android] AndroidManifest.xml:15:13-47
183            <meta-data
183-->[:image_picker_android] AndroidManifest.xml:16:13-18:75
184                android:name="android.support.FILE_PROVIDER_PATHS"
184-->[:image_picker_android] AndroidManifest.xml:17:17-67
185                android:resource="@xml/flutter_image_picker_file_paths" />
185-->[:image_picker_android] AndroidManifest.xml:18:17-72
186        </provider> <!-- Trigger Google Play services to install the backported photo picker module. -->
187        <service
187-->[:image_picker_android] AndroidManifest.xml:21:9-33:19
188            android:name="com.google.android.gms.metadata.ModuleDependencies"
188-->[:image_picker_android] AndroidManifest.xml:22:13-78
189            android:enabled="false"
189-->[:image_picker_android] AndroidManifest.xml:23:13-36
190            android:exported="false" >
190-->[:image_picker_android] AndroidManifest.xml:24:13-37
191            <intent-filter>
191-->[:image_picker_android] AndroidManifest.xml:26:13-28:29
192                <action android:name="com.google.android.gms.metadata.MODULE_DEPENDENCIES" />
192-->[:image_picker_android] AndroidManifest.xml:27:17-94
192-->[:image_picker_android] AndroidManifest.xml:27:25-91
193            </intent-filter>
194
195            <meta-data
195-->[:image_picker_android] AndroidManifest.xml:30:13-32:36
196                android:name="photopicker_activity:0:required"
196-->[:image_picker_android] AndroidManifest.xml:31:17-63
197                android:value="" />
197-->[:image_picker_android] AndroidManifest.xml:32:17-33
198        </service>
199
200        <activity
200-->[:url_launcher_android] AndroidManifest.xml:10:9-13:74
201            android:name="io.flutter.plugins.urllauncher.WebViewActivity"
201-->[:url_launcher_android] AndroidManifest.xml:11:13-74
202            android:exported="false"
202-->[:url_launcher_android] AndroidManifest.xml:12:13-37
203            android:theme="@android:style/Theme.NoTitleBar.Fullscreen" />
203-->[:url_launcher_android] AndroidManifest.xml:13:13-71
204
205        <service
205-->[com.google.firebase:firebase-sessions:2.0.0] AndroidManifest.xml:22:9-25:40
206            android:name="com.google.firebase.sessions.SessionLifecycleService"
206-->[com.google.firebase:firebase-sessions:2.0.0] AndroidManifest.xml:23:13-80
207            android:enabled="true"
207-->[com.google.firebase:firebase-sessions:2.0.0] AndroidManifest.xml:24:13-35
208            android:exported="false" />
208-->[com.google.firebase:firebase-sessions:2.0.0] AndroidManifest.xml:25:13-37
209
210        <activity
210-->[com.google.firebase:firebase-auth:23.0.0] AndroidManifest.xml:29:9-46:20
211            android:name="com.google.firebase.auth.internal.GenericIdpActivity"
211-->[com.google.firebase:firebase-auth:23.0.0] AndroidManifest.xml:30:13-80
212            android:excludeFromRecents="true"
212-->[com.google.firebase:firebase-auth:23.0.0] AndroidManifest.xml:31:13-46
213            android:exported="true"
213-->[com.google.firebase:firebase-auth:23.0.0] AndroidManifest.xml:32:13-36
214            android:launchMode="singleTask"
214-->[com.google.firebase:firebase-auth:23.0.0] AndroidManifest.xml:33:13-44
215            android:theme="@android:style/Theme.Translucent.NoTitleBar" >
215-->[com.google.firebase:firebase-auth:23.0.0] AndroidManifest.xml:34:13-72
216            <intent-filter>
216-->[com.google.firebase:firebase-auth:23.0.0] AndroidManifest.xml:35:13-45:29
217                <action android:name="android.intent.action.VIEW" />
217-->src/main/AndroidManifest.xml:49:17-69
217-->src/main/AndroidManifest.xml:49:25-66
218
219                <category android:name="android.intent.category.DEFAULT" />
219-->src/main/AndroidManifest.xml:50:17-76
219-->src/main/AndroidManifest.xml:50:27-73
220                <category android:name="android.intent.category.BROWSABLE" />
220-->src/main/AndroidManifest.xml:51:17-78
220-->src/main/AndroidManifest.xml:51:27-75
221
222                <data
222-->src/main/AndroidManifest.xml:52:17-73
223                    android:host="firebase.auth"
223-->src/main/AndroidManifest.xml:52:46-70
224                    android:path="/"
225                    android:scheme="genericidp" />
225-->src/main/AndroidManifest.xml:52:23-45
226            </intent-filter>
227        </activity>
228        <activity
228-->[com.google.firebase:firebase-auth:23.0.0] AndroidManifest.xml:47:9-64:20
229            android:name="com.google.firebase.auth.internal.RecaptchaActivity"
229-->[com.google.firebase:firebase-auth:23.0.0] AndroidManifest.xml:48:13-79
230            android:excludeFromRecents="true"
230-->[com.google.firebase:firebase-auth:23.0.0] AndroidManifest.xml:49:13-46
231            android:exported="true"
231-->[com.google.firebase:firebase-auth:23.0.0] AndroidManifest.xml:50:13-36
232            android:launchMode="singleTask"
232-->[com.google.firebase:firebase-auth:23.0.0] AndroidManifest.xml:51:13-44
233            android:theme="@android:style/Theme.Translucent.NoTitleBar" >
233-->[com.google.firebase:firebase-auth:23.0.0] AndroidManifest.xml:52:13-72
234            <intent-filter>
234-->[com.google.firebase:firebase-auth:23.0.0] AndroidManifest.xml:53:13-63:29
235                <action android:name="android.intent.action.VIEW" />
235-->src/main/AndroidManifest.xml:49:17-69
235-->src/main/AndroidManifest.xml:49:25-66
236
237                <category android:name="android.intent.category.DEFAULT" />
237-->src/main/AndroidManifest.xml:50:17-76
237-->src/main/AndroidManifest.xml:50:27-73
238                <category android:name="android.intent.category.BROWSABLE" />
238-->src/main/AndroidManifest.xml:51:17-78
238-->src/main/AndroidManifest.xml:51:27-75
239
240                <data
240-->src/main/AndroidManifest.xml:52:17-73
241                    android:host="firebase.auth"
241-->src/main/AndroidManifest.xml:52:46-70
242                    android:path="/"
243                    android:scheme="recaptcha" />
243-->src/main/AndroidManifest.xml:52:23-45
244            </intent-filter>
245        </activity>
246
247        <service
247-->[androidx.credentials:credentials-play-services-auth:1.2.0-rc01] AndroidManifest.xml:24:9-32:19
248            android:name="androidx.credentials.playservices.CredentialProviderMetadataHolder"
248-->[androidx.credentials:credentials-play-services-auth:1.2.0-rc01] AndroidManifest.xml:25:13-94
249            android:enabled="true"
249-->[androidx.credentials:credentials-play-services-auth:1.2.0-rc01] AndroidManifest.xml:26:13-35
250            android:exported="false" >
250-->[androidx.credentials:credentials-play-services-auth:1.2.0-rc01] AndroidManifest.xml:27:13-37
251            <meta-data
251-->[androidx.credentials:credentials-play-services-auth:1.2.0-rc01] AndroidManifest.xml:29:13-31:104
252                android:name="androidx.credentials.CREDENTIAL_PROVIDER_KEY"
252-->[androidx.credentials:credentials-play-services-auth:1.2.0-rc01] AndroidManifest.xml:30:17-76
253                android:value="androidx.credentials.playservices.CredentialProviderPlayServicesImpl" />
253-->[androidx.credentials:credentials-play-services-auth:1.2.0-rc01] AndroidManifest.xml:31:17-101
254        </service>
255
256        <activity
256-->[androidx.credentials:credentials-play-services-auth:1.2.0-rc01] AndroidManifest.xml:34:9-41:20
257            android:name="androidx.credentials.playservices.HiddenActivity"
257-->[androidx.credentials:credentials-play-services-auth:1.2.0-rc01] AndroidManifest.xml:35:13-76
258            android:configChanges="orientation|screenSize|screenLayout|keyboardHidden"
258-->[androidx.credentials:credentials-play-services-auth:1.2.0-rc01] AndroidManifest.xml:36:13-87
259            android:enabled="true"
259-->[androidx.credentials:credentials-play-services-auth:1.2.0-rc01] AndroidManifest.xml:37:13-35
260            android:exported="false"
260-->[androidx.credentials:credentials-play-services-auth:1.2.0-rc01] AndroidManifest.xml:38:13-37
261            android:fitsSystemWindows="true"
261-->[androidx.credentials:credentials-play-services-auth:1.2.0-rc01] AndroidManifest.xml:39:13-45
262            android:theme="@style/Theme.Hidden" >
262-->[androidx.credentials:credentials-play-services-auth:1.2.0-rc01] AndroidManifest.xml:40:13-48
263        </activity>
264        <activity
264-->[com.google.android.gms:play-services-auth:21.0.0] AndroidManifest.xml:23:9-27:75
265            android:name="com.google.android.gms.auth.api.signin.internal.SignInHubActivity"
265-->[com.google.android.gms:play-services-auth:21.0.0] AndroidManifest.xml:24:13-93
266            android:excludeFromRecents="true"
266-->[com.google.android.gms:play-services-auth:21.0.0] AndroidManifest.xml:25:13-46
267            android:exported="false"
267-->[com.google.android.gms:play-services-auth:21.0.0] AndroidManifest.xml:26:13-37
268            android:theme="@android:style/Theme.Translucent.NoTitleBar" />
268-->[com.google.android.gms:play-services-auth:21.0.0] AndroidManifest.xml:27:13-72
269        <!--
270            Service handling Google Sign-In user revocation. For apps that do not integrate with
271            Google Sign-In, this service will never be started.
272        -->
273        <service
273-->[com.google.android.gms:play-services-auth:21.0.0] AndroidManifest.xml:33:9-37:51
274            android:name="com.google.android.gms.auth.api.signin.RevocationBoundService"
274-->[com.google.android.gms:play-services-auth:21.0.0] AndroidManifest.xml:34:13-89
275            android:exported="true"
275-->[com.google.android.gms:play-services-auth:21.0.0] AndroidManifest.xml:35:13-36
276            android:permission="com.google.android.gms.auth.api.signin.permission.REVOCATION_NOTIFICATION"
276-->[com.google.android.gms:play-services-auth:21.0.0] AndroidManifest.xml:36:13-107
277            android:visibleToInstantApps="true" />
277-->[com.google.android.gms:play-services-auth:21.0.0] AndroidManifest.xml:37:13-48
278
279        <provider
279-->[com.google.firebase:firebase-common:21.0.0] AndroidManifest.xml:23:9-28:39
280            android:name="com.google.firebase.provider.FirebaseInitProvider"
280-->[com.google.firebase:firebase-common:21.0.0] AndroidManifest.xml:24:13-77
281            android:authorities="com.flapp.meme.firebaseinitprovider"
281-->[com.google.firebase:firebase-common:21.0.0] AndroidManifest.xml:25:13-72
282            android:directBootAware="true"
282-->[com.google.firebase:firebase-common:21.0.0] AndroidManifest.xml:26:13-43
283            android:exported="false"